<!DOCTYPE html>

<html>
  <head>
  <meta charset='utf-8'>
  <title>TestNG reports</title>

    <link type="text/css" href="testng-reports.css" rel="stylesheet" />
    <script type="text/javascript" src="jquery-1.7.1.min.js"></script>
    <script type="text/javascript" src="testng-reports.js"></script>
    <script type="text/javascript" src="https://www.google.com/jsapi"></script>
    <script type='text/javascript'>
      google.load('visualization', '1', {packages:['table']});
      google.setOnLoadCallback(drawTable);
      var suiteTableInitFunctions = new Array();
      var suiteTableData = new Array();
    </script>
    <!--
      <script type="text/javascript" src="jquery-ui/js/jquery-ui-1.8.16.custom.min.js"></script>
     -->
  </head>

  <body>
    <div class="top-banner-root">
      <span class="top-banner-title-font">Test results</span>
      <br/>
      <span class="top-banner-font-1">2 suites, 11 failed tests</span>
    </div> <!-- top-banner-root -->
    <div class="navigator-root">
      <div class="navigator-suite-header">
        <span>All suites</span>
        <a href="#" class="collapse-all-link" title="Collapse/expand all the suites">
          <img class="collapse-all-icon" src="collapseall.gif">
          </img> <!-- collapse-all-icon -->
        </a> <!-- collapse-all-link -->
      </div> <!-- navigator-suite-header -->
      <div class="suite">
        <div class="rounded-window">
          <div class="suite-header light-rounded-window-top">
            <a href="#" class="navigator-link" panel-name="suite-Suite_(0)">
              <span class="suite-name border-failed">Suite (0)</span>
            </a> <!-- navigator-link -->
          </div> <!-- suite-header light-rounded-window-top -->
          <div class="navigator-suite-content">
            <div class="suite-section-title">
              <span>Info</span>
            </div> <!-- suite-section-title -->
            <div class="suite-section-content">
              <ul>
                <li>
                  <a href="#" class="navigator-link " panel-name="test-xml-Suite_(0)">
                    <span>C:\Users\ARJUN.SANTRA\eclipse-workspace\PhpTravelsAutomation\src\test\resources\suitefiles\suitefile1.xml</span>
                  </a> <!-- navigator-link  -->
                </li>
                <li>
                  <a href="#" class="navigator-link " panel-name="testlist-Suite_(0)">
                    <span class="test-stats">4 tests</span>
                  </a> <!-- navigator-link  -->
                </li>
                <li>
                  <a href="#" class="navigator-link " panel-name="group-Suite_(0)">
                    <span>0 groups</span>
                  </a> <!-- navigator-link  -->
                </li>
                <li>
                  <a href="#" class="navigator-link " panel-name="times-Suite_(0)">
                    <span>Times</span>
                  </a> <!-- navigator-link  -->
                </li>
                <li>
                  <a href="#" class="navigator-link " panel-name="reporter-Suite_(0)">
                    <span>Reporter output</span>
                  </a> <!-- navigator-link  -->
                </li>
                <li>
                  <a href="#" class="navigator-link " panel-name="ignored-methods-Suite_(0)">
                    <span>Ignored methods</span>
                  </a> <!-- navigator-link  -->
                </li>
                <li>
                  <a href="#" class="navigator-link " panel-name="chronological-Suite_(0)">
                    <span>Chronological view</span>
                  </a> <!-- navigator-link  -->
                </li>
              </ul>
            </div> <!-- suite-section-content -->
            <div class="result-section">
              <div class="suite-section-title">
                <span>Results</span>
              </div> <!-- suite-section-title -->
              <div class="suite-section-content">
                <ul>
                  <li>
                    <span class="method-stats">14 methods, 11 failed,   3 passed</span>
                  </li>
                  <li>
                    <span class="method-list-title failed">Failed methods</span>
                    <span class="show-or-hide-methods failed">
                      <a href="#" panel-name="suite-Suite_(0)" class="hide-methods failed suite-Suite_(0)"> (hide)</a> <!-- hide-methods failed suite-Suite_(0) -->
                      <a href="#" panel-name="suite-Suite_(0)" class="show-methods failed suite-Suite_(0)"> (show)</a> <!-- show-methods failed suite-Suite_(0) -->
                    </span>
                    <div class="method-list-content failed suite-Suite_(0)">
                      <span>
                        <img width="3%" src="failed.png"/>
                        <a href="#" class="method navigator-link" panel-name="suite-Suite_(0)" title="com.atmecs.phptravels.testscripts.BookingOptionTestScript" hash-for-method="BookingOption">BookingOption</a> <!-- method navigator-link -->
                      </span>
                      <br/>
                      <span>
                        <img width="3%" src="failed.png"/>
                        <a href="#" class="method navigator-link" panel-name="suite-Suite_(0)" title="com.atmecs.phptravels.testscripts.BookingSummaryPageTest" hash-for-method="amountValidateAfterAddingExtra">amountValidateAfterAddingExtra</a> <!-- method navigator-link -->
                      </span>
                      <br/>
                      <span>
                        <img width="3%" src="failed.png"/>
                        <a href="#" class="method navigator-link" panel-name="suite-Suite_(0)" title="com.atmecs.phptravels.testscripts.BookingSummaryPageTest" hash-for-method="amountValidateBeforeAddingExtra">amountValidateBeforeAddingExtra</a> <!-- method navigator-link -->
                      </span>
                      <br/>
                      <span>
                        <img width="3%" src="failed.png"/>
                        <a href="#" class="method navigator-link" panel-name="suite-Suite_(0)" title="com.atmecs.phptravels.testscripts.BookingSummaryPageTest" hash-for-method="guestInfoInput([ajit, AJ126IND, 22])">guestInfoInput([ajit, AJ126IND, 22])</a> <!-- method navigator-link -->
                      </span>
                      <br/>
                      <span>
                        <img width="3%" src="failed.png"/>
                        <a href="#" class="method navigator-link" panel-name="suite-Suite_(0)" title="com.atmecs.phptravels.testscripts.BookingSummaryPageTest" hash-for-method="guestInfoInput([Arjun, AR123IND, 26])">guestInfoInput([Arjun, AR123IND, 26])</a> <!-- method navigator-link -->
                      </span>
                      <br/>
                      <span>
                        <img width="3%" src="failed.png"/>
                        <a href="#" class="method navigator-link" panel-name="suite-Suite_(0)" title="com.atmecs.phptravels.testscripts.BookingSummaryPageTest" hash-for-method="guestInfoInput([rishav, RI125IND, 23])">guestInfoInput([rishav, RI125IND, 23])</a> <!-- method navigator-link -->
                      </span>
                      <br/>
                      <span>
                        <img width="3%" src="failed.png"/>
                        <a href="#" class="method navigator-link" panel-name="suite-Suite_(0)" title="com.atmecs.phptravels.testscripts.BookingSummaryPageTest" hash-for-method="guestInfoInput([sourav, SO124IND, 24])">guestInfoInput([sourav, SO124IND, 24])</a> <!-- method navigator-link -->
                      </span>
                      <br/>
                      <span>
                        <img width="3%" src="failed.png"/>
                        <a href="#" class="method navigator-link" panel-name="suite-Suite_(0)" title="com.atmecs.phptravels.testscripts.HomePageTestScript" hash-for-method="invalidCheckinDate">invalidCheckinDate</a> <!-- method navigator-link -->
                      </span>
                      <br/>
                      <span>
                        <img width="3%" src="failed.png"/>
                        <a href="#" class="method navigator-link" panel-name="suite-Suite_(0)" title="com.atmecs.phptravels.testscripts.InvoicePageTest" hash-for-method="invoicePageValidate">invoicePageValidate</a> <!-- method navigator-link -->
                      </span>
                      <br/>
                      <span>
                        <img width="3%" src="failed.png"/>
                        <a href="#" class="method navigator-link" panel-name="suite-Suite_(0)" title="com.atmecs.phptravels.testscripts.BookingSummaryPageTest" hash-for-method="personalDetailsInput([Arjun, Santra, arjun.santra@atmecs.com, 9804101059, manikonda, india])">personalDetailsInput([Arjun, Santra, arjun.santra@atmecs.com, 9804101059, manikonda, india])</a> <!-- method navigator-link -->
                      </span>
                      <br/>
                      <span>
                        <img width="3%" src="failed.png"/>
                        <a href="#" class="method navigator-link" panel-name="suite-Suite_(0)" title="com.atmecs.phptravels.testscripts.BookingSummaryPageTest" hash-for-method="tourNameValidate">tourNameValidate</a> <!-- method navigator-link -->
                      </span>
                      <br/>
                    </div> <!-- method-list-content failed suite-Suite_(0) -->
                  </li>
                  <li>
                    <span class="method-list-title passed">Passed methods</span>
                    <span class="show-or-hide-methods passed">
                      <a href="#" panel-name="suite-Suite_(0)" class="hide-methods passed suite-Suite_(0)"> (hide)</a> <!-- hide-methods passed suite-Suite_(0) -->
                      <a href="#" panel-name="suite-Suite_(0)" class="show-methods passed suite-Suite_(0)"> (show)</a> <!-- show-methods passed suite-Suite_(0) -->
                    </span>
                    <div class="method-list-content passed suite-Suite_(0)">
                      <span>
                        <img width="3%" src="passed.png"/>
                        <a href="#" class="method navigator-link" panel-name="suite-Suite_(0)" title="com.atmecs.phptravels.testscripts.HomePageTestScript" hash-for-method="cityInputValidation">cityInputValidation</a> <!-- method navigator-link -->
                      </span>
                      <br/>
                      <span>
                        <img width="3%" src="passed.png"/>
                        <a href="#" class="method navigator-link" panel-name="suite-Suite_(0)" title="com.atmecs.phptravels.testscripts.HomePageTestScript" hash-for-method="landingPageValidation">landingPageValidation</a> <!-- method navigator-link -->
                      </span>
                      <br/>
                      <span>
                        <img width="3%" src="passed.png"/>
                        <a href="#" class="method navigator-link" panel-name="suite-Suite_(0)" title="com.atmecs.phptravels.testscripts.HomePageTestScript" hash-for-method="tourSearch(india, 27/09/2019)">tourSearch(india, 27/09/2019)</a> <!-- method navigator-link -->
                      </span>
                      <br/>
                    </div> <!-- method-list-content passed suite-Suite_(0) -->
                  </li>
                </ul>
              </div> <!-- suite-section-content -->
            </div> <!-- result-section -->
          </div> <!-- navigator-suite-content -->
        </div> <!-- rounded-window -->
      </div> <!-- suite -->
    </div> <!-- navigator-root -->
    <div class="wrapper">
      <div class="main-panel-root">
        <div panel-name="suite-Suite" class="panel Suite">
        </div> <!-- panel Suite -->
        <div panel-name="suite-Suite_(0)" class="panel Suite_(0)">
          <div class="suite-Suite_(0)-class-failed">
            <div class="main-panel-header rounded-window-top">
              <img src="failed.png"/>
              <span class="class-name">com.atmecs.phptravels.testscripts.BookingSummaryPageTest</span>
            </div> <!-- main-panel-header rounded-window-top -->
            <div class="main-panel-content rounded-window-bottom">
              <div class="method">
                <div class="method-content">
                  <a name="amountValidateAfterAddingExtra">
                  </a> <!-- amountValidateAfterAddingExtra -->
                  <span class="method-name">amountValidateAfterAddingExtra</span>
                  <div class="stack-trace">org.openqa.selenium.NoSuchElementException: Unable to locate element: //span[@id=&apos;displaytotal&apos;]
For documentation on this error, please visit: https://www.seleniumhq.org/exceptions/no_such_element.html
Build info: version: &apos;4.0.0-alpha-2&apos;, revision: &apos;f148142cf8&apos;, time: &apos;2019-07-01T20:55:26&apos;
System info: host: &apos;ATMECSINLT-087&apos;, ip: &apos;55.55.52.236&apos;, os.name: &apos;Windows 10&apos;, os.arch: &apos;amd64&apos;, os.version: &apos;10.0&apos;, java.version: &apos;1.8.0_221&apos;
Driver info: org.openqa.selenium.firefox.FirefoxDriver
Capabilities {acceptInsecureCerts: true, browserName: firefox, browserVersion: 68.0.2, javascriptEnabled: true, moz:accessibilityChecks: false, moz:buildID: 20190813150448, moz:geckodriverVersion: 0.24.0, moz:headless: false, moz:processID: 24612, moz:profile: C:\Users\ARJUN.SANTRA\AppDa..., moz:shutdownTimeout: 60000, moz:useNonSpecCompliantPointerOrigin: false, moz:webdriverClick: true, pageLoadStrategy: normal, platform: WINDOWS, platformName: WINDOWS, platformVersion: 10.0, rotatable: false, setWindowRect: true, strictFileInteractability: false, timeouts: {implicit: 0, pageLoad: 300000, script: 30000}, unhandledPromptBehavior: dismiss and notify}
Session ID: ac9be3c3-55b6-40fa-88ab-73fe159857cc
*** Element info: {Using=xpath, value=//span[@id=&apos;displaytotal&apos;]}
	at org.openqa.selenium.remote.codec.w3c.W3CHttpResponseCodec.createException(W3CHttpResponseCodec.java:191)
	at org.openqa.selenium.remote.codec.w3c.W3CHttpResponseCodec.decode(W3CHttpResponseCodec.java:125)
	at org.openqa.selenium.remote.codec.w3c.W3CHttpResponseCodec.decode(W3CHttpResponseCodec.java:52)
	at org.openqa.selenium.remote.HttpCommandExecutor.execute(HttpCommandExecutor.java:161)
	at org.openqa.selenium.remote.service.DriverCommandExecutor.execute(DriverCommandExecutor.java:83)
	at org.openqa.selenium.remote.RemoteWebDriver.execute(RemoteWebDriver.java:576)
	at org.openqa.selenium.remote.RemoteWebDriver.findElement(RemoteWebDriver.java:327)
	at org.openqa.selenium.remote.RemoteWebDriver.findElementByXPath(RemoteWebDriver.java:445)
	at org.openqa.selenium.By$ByXPath.findElement(By.java:353)
	at org.openqa.selenium.remote.RemoteWebDriver.findElement(RemoteWebDriver.java:319)
	at com.atmecs.phptravelsautomation.helpers.CommonUtility$4.apply(CommonUtility.java:119)
	at com.atmecs.phptravelsautomation.helpers.CommonUtility$4.apply(CommonUtility.java:117)
	at org.openqa.selenium.support.ui.FluentWait.until(FluentWait.java:249)
	at com.atmecs.phptravelsautomation.helpers.CommonUtility.getText(CommonUtility.java:117)
	at com.atmecs.phptravelsautomation.pages.BookingSummaryPage.bookingSummaryTotalAmountAfterExtra(BookingSummaryPage.java:100)
	at com.atmecs.phptravels.testscripts.BookingSummaryPageTest.amountValidateAfterAddingExtra(BookingSummaryPageTest.java:33)
... Removed 34 stack frames
</div> <!-- stack-trace -->
                </div> <!-- method-content -->
              </div> <!-- method -->
              <div class="method">
                <div class="method-content">
                  <a name="amountValidateBeforeAddingExtra">
                  </a> <!-- amountValidateBeforeAddingExtra -->
                  <span class="method-name">amountValidateBeforeAddingExtra</span>
                  <div class="stack-trace">org.openqa.selenium.NoSuchElementException: Unable to locate element: //span[@id=&apos;displaytotal&apos;]
For documentation on this error, please visit: https://www.seleniumhq.org/exceptions/no_such_element.html
Build info: version: &apos;4.0.0-alpha-2&apos;, revision: &apos;f148142cf8&apos;, time: &apos;2019-07-01T20:55:26&apos;
System info: host: &apos;ATMECSINLT-087&apos;, ip: &apos;55.55.52.236&apos;, os.name: &apos;Windows 10&apos;, os.arch: &apos;amd64&apos;, os.version: &apos;10.0&apos;, java.version: &apos;1.8.0_221&apos;
Driver info: org.openqa.selenium.firefox.FirefoxDriver
Capabilities {acceptInsecureCerts: true, browserName: firefox, browserVersion: 68.0.2, javascriptEnabled: true, moz:accessibilityChecks: false, moz:buildID: 20190813150448, moz:geckodriverVersion: 0.24.0, moz:headless: false, moz:processID: 24612, moz:profile: C:\Users\ARJUN.SANTRA\AppDa..., moz:shutdownTimeout: 60000, moz:useNonSpecCompliantPointerOrigin: false, moz:webdriverClick: true, pageLoadStrategy: normal, platform: WINDOWS, platformName: WINDOWS, platformVersion: 10.0, rotatable: false, setWindowRect: true, strictFileInteractability: false, timeouts: {implicit: 0, pageLoad: 300000, script: 30000}, unhandledPromptBehavior: dismiss and notify}
Session ID: ac9be3c3-55b6-40fa-88ab-73fe159857cc
*** Element info: {Using=xpath, value=//span[@id=&apos;displaytotal&apos;]}
	at org.openqa.selenium.remote.codec.w3c.W3CHttpResponseCodec.createException(W3CHttpResponseCodec.java:191)
	at org.openqa.selenium.remote.codec.w3c.W3CHttpResponseCodec.decode(W3CHttpResponseCodec.java:125)
	at org.openqa.selenium.remote.codec.w3c.W3CHttpResponseCodec.decode(W3CHttpResponseCodec.java:52)
	at org.openqa.selenium.remote.HttpCommandExecutor.execute(HttpCommandExecutor.java:161)
	at org.openqa.selenium.remote.service.DriverCommandExecutor.execute(DriverCommandExecutor.java:83)
	at org.openqa.selenium.remote.RemoteWebDriver.execute(RemoteWebDriver.java:576)
	at org.openqa.selenium.remote.RemoteWebDriver.findElement(RemoteWebDriver.java:327)
	at org.openqa.selenium.remote.RemoteWebDriver.findElementByXPath(RemoteWebDriver.java:445)
	at org.openqa.selenium.By$ByXPath.findElement(By.java:353)
	at org.openqa.selenium.remote.RemoteWebDriver.findElement(RemoteWebDriver.java:319)
	at com.atmecs.phptravelsautomation.helpers.CommonUtility$4.apply(CommonUtility.java:119)
	at com.atmecs.phptravelsautomation.helpers.CommonUtility$4.apply(CommonUtility.java:117)
	at org.openqa.selenium.support.ui.FluentWait.until(FluentWait.java:249)
	at com.atmecs.phptravelsautomation.helpers.CommonUtility.getText(CommonUtility.java:117)
	at com.atmecs.phptravelsautomation.pages.BookingSummaryPage.bookingSummaryTotalAmountBeforeExtra(BookingSummaryPage.java:134)
	at com.atmecs.phptravels.testscripts.BookingSummaryPageTest.amountValidateBeforeAddingExtra(BookingSummaryPageTest.java:43)
... Removed 34 stack frames
</div> <!-- stack-trace -->
                </div> <!-- method-content -->
              </div> <!-- method -->
              <div class="method">
                <div class="method-content">
                  <a name="guestInfoInput([ajit, AJ126IND, 22])">
                  </a> <!-- guestInfoInput([ajit, AJ126IND, 22]) -->
                  <span class="method-name">guestInfoInput</span>
                  <span class="parameters">([ajit, AJ126IND, 22])</span>
                  <div class="stack-trace">org.openqa.selenium.NoSuchElementException: Unable to locate element: //input[@name=&apos;passport[1][name]&apos;]
For documentation on this error, please visit: https://www.seleniumhq.org/exceptions/no_such_element.html
Build info: version: &apos;4.0.0-alpha-2&apos;, revision: &apos;f148142cf8&apos;, time: &apos;2019-07-01T20:55:26&apos;
System info: host: &apos;ATMECSINLT-087&apos;, ip: &apos;55.55.52.236&apos;, os.name: &apos;Windows 10&apos;, os.arch: &apos;amd64&apos;, os.version: &apos;10.0&apos;, java.version: &apos;1.8.0_221&apos;
Driver info: org.openqa.selenium.firefox.FirefoxDriver
Capabilities {acceptInsecureCerts: true, browserName: firefox, browserVersion: 68.0.2, javascriptEnabled: true, moz:accessibilityChecks: false, moz:buildID: 20190813150448, moz:geckodriverVersion: 0.24.0, moz:headless: false, moz:processID: 24612, moz:profile: C:\Users\ARJUN.SANTRA\AppDa..., moz:shutdownTimeout: 60000, moz:useNonSpecCompliantPointerOrigin: false, moz:webdriverClick: true, pageLoadStrategy: normal, platform: WINDOWS, platformName: WINDOWS, platformVersion: 10.0, rotatable: false, setWindowRect: true, strictFileInteractability: false, timeouts: {implicit: 0, pageLoad: 300000, script: 30000}, unhandledPromptBehavior: dismiss and notify}
Session ID: ac9be3c3-55b6-40fa-88ab-73fe159857cc
*** Element info: {Using=xpath, value=//input[@name=&apos;passport[1][name]&apos;]}
	at org.openqa.selenium.remote.codec.w3c.W3CHttpResponseCodec.createException(W3CHttpResponseCodec.java:191)
	at org.openqa.selenium.remote.codec.w3c.W3CHttpResponseCodec.decode(W3CHttpResponseCodec.java:125)
	at org.openqa.selenium.remote.codec.w3c.W3CHttpResponseCodec.decode(W3CHttpResponseCodec.java:52)
	at org.openqa.selenium.remote.HttpCommandExecutor.execute(HttpCommandExecutor.java:161)
	at org.openqa.selenium.remote.service.DriverCommandExecutor.execute(DriverCommandExecutor.java:83)
	at org.openqa.selenium.remote.RemoteWebDriver.execute(RemoteWebDriver.java:576)
	at org.openqa.selenium.remote.RemoteWebDriver.findElement(RemoteWebDriver.java:327)
	at org.openqa.selenium.remote.RemoteWebDriver.findElementByXPath(RemoteWebDriver.java:445)
	at org.openqa.selenium.By$ByXPath.findElement(By.java:353)
	at org.openqa.selenium.remote.RemoteWebDriver.findElement(RemoteWebDriver.java:319)
	at com.atmecs.phptravelsautomation.helpers.CommonUtility$3.apply(CommonUtility.java:83)
	at com.atmecs.phptravelsautomation.helpers.CommonUtility$3.apply(CommonUtility.java:81)
	at org.openqa.selenium.support.ui.FluentWait.until(FluentWait.java:249)
	at com.atmecs.phptravelsautomation.helpers.CommonUtility.clickAndSendText(CommonUtility.java:81)
	at com.atmecs.phptravelsautomation.pages.BookingSummaryPage.guestInfo(BookingSummaryPage.java:70)
	at com.atmecs.phptravels.testscripts.BookingSummaryPageTest.guestInfoInput(BookingSummaryPageTest.java:27)
... Removed 34 stack frames
</div> <!-- stack-trace -->
                </div> <!-- method-content -->
              </div> <!-- method -->
              <div class="method">
                <div class="method-content">
                  <a name="guestInfoInput([Arjun, AR123IND, 26])">
                  </a> <!-- guestInfoInput([Arjun, AR123IND, 26]) -->
                  <span class="method-name">guestInfoInput</span>
                  <span class="parameters">([Arjun, AR123IND, 26])</span>
                  <div class="stack-trace">org.openqa.selenium.NoSuchElementException: Unable to locate element: //input[@name=&apos;passport[1][name]&apos;]
For documentation on this error, please visit: https://www.seleniumhq.org/exceptions/no_such_element.html
Build info: version: &apos;4.0.0-alpha-2&apos;, revision: &apos;f148142cf8&apos;, time: &apos;2019-07-01T20:55:26&apos;
System info: host: &apos;ATMECSINLT-087&apos;, ip: &apos;55.55.52.236&apos;, os.name: &apos;Windows 10&apos;, os.arch: &apos;amd64&apos;, os.version: &apos;10.0&apos;, java.version: &apos;1.8.0_221&apos;
Driver info: org.openqa.selenium.firefox.FirefoxDriver
Capabilities {acceptInsecureCerts: true, browserName: firefox, browserVersion: 68.0.2, javascriptEnabled: true, moz:accessibilityChecks: false, moz:buildID: 20190813150448, moz:geckodriverVersion: 0.24.0, moz:headless: false, moz:processID: 24612, moz:profile: C:\Users\ARJUN.SANTRA\AppDa..., moz:shutdownTimeout: 60000, moz:useNonSpecCompliantPointerOrigin: false, moz:webdriverClick: true, pageLoadStrategy: normal, platform: WINDOWS, platformName: WINDOWS, platformVersion: 10.0, rotatable: false, setWindowRect: true, strictFileInteractability: false, timeouts: {implicit: 0, pageLoad: 300000, script: 30000}, unhandledPromptBehavior: dismiss and notify}
Session ID: ac9be3c3-55b6-40fa-88ab-73fe159857cc
*** Element info: {Using=xpath, value=//input[@name=&apos;passport[1][name]&apos;]}
	at org.openqa.selenium.remote.codec.w3c.W3CHttpResponseCodec.createException(W3CHttpResponseCodec.java:191)
	at org.openqa.selenium.remote.codec.w3c.W3CHttpResponseCodec.decode(W3CHttpResponseCodec.java:125)
	at org.openqa.selenium.remote.codec.w3c.W3CHttpResponseCodec.decode(W3CHttpResponseCodec.java:52)
	at org.openqa.selenium.remote.HttpCommandExecutor.execute(HttpCommandExecutor.java:161)
	at org.openqa.selenium.remote.service.DriverCommandExecutor.execute(DriverCommandExecutor.java:83)
	at org.openqa.selenium.remote.RemoteWebDriver.execute(RemoteWebDriver.java:576)
	at org.openqa.selenium.remote.RemoteWebDriver.findElement(RemoteWebDriver.java:327)
	at org.openqa.selenium.remote.RemoteWebDriver.findElementByXPath(RemoteWebDriver.java:445)
	at org.openqa.selenium.By$ByXPath.findElement(By.java:353)
	at org.openqa.selenium.remote.RemoteWebDriver.findElement(RemoteWebDriver.java:319)
	at com.atmecs.phptravelsautomation.helpers.CommonUtility$3.apply(CommonUtility.java:83)
	at com.atmecs.phptravelsautomation.helpers.CommonUtility$3.apply(CommonUtility.java:81)
	at org.openqa.selenium.support.ui.FluentWait.until(FluentWait.java:249)
	at com.atmecs.phptravelsautomation.helpers.CommonUtility.clickAndSendText(CommonUtility.java:81)
	at com.atmecs.phptravelsautomation.pages.BookingSummaryPage.guestInfo(BookingSummaryPage.java:70)
	at com.atmecs.phptravels.testscripts.BookingSummaryPageTest.guestInfoInput(BookingSummaryPageTest.java:27)
... Removed 34 stack frames
</div> <!-- stack-trace -->
                </div> <!-- method-content -->
              </div> <!-- method -->
              <div class="method">
                <div class="method-content">
                  <a name="guestInfoInput([rishav, RI125IND, 23])">
                  </a> <!-- guestInfoInput([rishav, RI125IND, 23]) -->
                  <span class="method-name">guestInfoInput</span>
                  <span class="parameters">([rishav, RI125IND, 23])</span>
                  <div class="stack-trace">org.openqa.selenium.NoSuchElementException: Unable to locate element: //input[@name=&apos;passport[1][name]&apos;]
For documentation on this error, please visit: https://www.seleniumhq.org/exceptions/no_such_element.html
Build info: version: &apos;4.0.0-alpha-2&apos;, revision: &apos;f148142cf8&apos;, time: &apos;2019-07-01T20:55:26&apos;
System info: host: &apos;ATMECSINLT-087&apos;, ip: &apos;55.55.52.236&apos;, os.name: &apos;Windows 10&apos;, os.arch: &apos;amd64&apos;, os.version: &apos;10.0&apos;, java.version: &apos;1.8.0_221&apos;
Driver info: org.openqa.selenium.firefox.FirefoxDriver
Capabilities {acceptInsecureCerts: true, browserName: firefox, browserVersion: 68.0.2, javascriptEnabled: true, moz:accessibilityChecks: false, moz:buildID: 20190813150448, moz:geckodriverVersion: 0.24.0, moz:headless: false, moz:processID: 24612, moz:profile: C:\Users\ARJUN.SANTRA\AppDa..., moz:shutdownTimeout: 60000, moz:useNonSpecCompliantPointerOrigin: false, moz:webdriverClick: true, pageLoadStrategy: normal, platform: WINDOWS, platformName: WINDOWS, platformVersion: 10.0, rotatable: false, setWindowRect: true, strictFileInteractability: false, timeouts: {implicit: 0, pageLoad: 300000, script: 30000}, unhandledPromptBehavior: dismiss and notify}
Session ID: ac9be3c3-55b6-40fa-88ab-73fe159857cc
*** Element info: {Using=xpath, value=//input[@name=&apos;passport[1][name]&apos;]}
	at org.openqa.selenium.remote.codec.w3c.W3CHttpResponseCodec.createException(W3CHttpResponseCodec.java:191)
	at org.openqa.selenium.remote.codec.w3c.W3CHttpResponseCodec.decode(W3CHttpResponseCodec.java:125)
	at org.openqa.selenium.remote.codec.w3c.W3CHttpResponseCodec.decode(W3CHttpResponseCodec.java:52)
	at org.openqa.selenium.remote.HttpCommandExecutor.execute(HttpCommandExecutor.java:161)
	at org.openqa.selenium.remote.service.DriverCommandExecutor.execute(DriverCommandExecutor.java:83)
	at org.openqa.selenium.remote.RemoteWebDriver.execute(RemoteWebDriver.java:576)
	at org.openqa.selenium.remote.RemoteWebDriver.findElement(RemoteWebDriver.java:327)
	at org.openqa.selenium.remote.RemoteWebDriver.findElementByXPath(RemoteWebDriver.java:445)
	at org.openqa.selenium.By$ByXPath.findElement(By.java:353)
	at org.openqa.selenium.remote.RemoteWebDriver.findElement(RemoteWebDriver.java:319)
	at com.atmecs.phptravelsautomation.helpers.CommonUtility$3.apply(CommonUtility.java:83)
	at com.atmecs.phptravelsautomation.helpers.CommonUtility$3.apply(CommonUtility.java:81)
	at org.openqa.selenium.support.ui.FluentWait.until(FluentWait.java:249)
	at com.atmecs.phptravelsautomation.helpers.CommonUtility.clickAndSendText(CommonUtility.java:81)
	at com.atmecs.phptravelsautomation.pages.BookingSummaryPage.guestInfo(BookingSummaryPage.java:70)
	at com.atmecs.phptravels.testscripts.BookingSummaryPageTest.guestInfoInput(BookingSummaryPageTest.java:27)
... Removed 34 stack frames
</div> <!-- stack-trace -->
                </div> <!-- method-content -->
              </div> <!-- method -->
              <div class="method">
                <div class="method-content">
                  <a name="guestInfoInput([sourav, SO124IND, 24])">
                  </a> <!-- guestInfoInput([sourav, SO124IND, 24]) -->
                  <span class="method-name">guestInfoInput</span>
                  <span class="parameters">([sourav, SO124IND, 24])</span>
                  <div class="stack-trace">org.openqa.selenium.NoSuchElementException: Unable to locate element: //input[@name=&apos;passport[1][name]&apos;]
For documentation on this error, please visit: https://www.seleniumhq.org/exceptions/no_such_element.html
Build info: version: &apos;4.0.0-alpha-2&apos;, revision: &apos;f148142cf8&apos;, time: &apos;2019-07-01T20:55:26&apos;
System info: host: &apos;ATMECSINLT-087&apos;, ip: &apos;55.55.52.236&apos;, os.name: &apos;Windows 10&apos;, os.arch: &apos;amd64&apos;, os.version: &apos;10.0&apos;, java.version: &apos;1.8.0_221&apos;
Driver info: org.openqa.selenium.firefox.FirefoxDriver
Capabilities {acceptInsecureCerts: true, browserName: firefox, browserVersion: 68.0.2, javascriptEnabled: true, moz:accessibilityChecks: false, moz:buildID: 20190813150448, moz:geckodriverVersion: 0.24.0, moz:headless: false, moz:processID: 24612, moz:profile: C:\Users\ARJUN.SANTRA\AppDa..., moz:shutdownTimeout: 60000, moz:useNonSpecCompliantPointerOrigin: false, moz:webdriverClick: true, pageLoadStrategy: normal, platform: WINDOWS, platformName: WINDOWS, platformVersion: 10.0, rotatable: false, setWindowRect: true, strictFileInteractability: false, timeouts: {implicit: 0, pageLoad: 300000, script: 30000}, unhandledPromptBehavior: dismiss and notify}
Session ID: ac9be3c3-55b6-40fa-88ab-73fe159857cc
*** Element info: {Using=xpath, value=//input[@name=&apos;passport[1][name]&apos;]}
	at org.openqa.selenium.remote.codec.w3c.W3CHttpResponseCodec.createException(W3CHttpResponseCodec.java:191)
	at org.openqa.selenium.remote.codec.w3c.W3CHttpResponseCodec.decode(W3CHttpResponseCodec.java:125)
	at org.openqa.selenium.remote.codec.w3c.W3CHttpResponseCodec.decode(W3CHttpResponseCodec.java:52)
	at org.openqa.selenium.remote.HttpCommandExecutor.execute(HttpCommandExecutor.java:161)
	at org.openqa.selenium.remote.service.DriverCommandExecutor.execute(DriverCommandExecutor.java:83)
	at org.openqa.selenium.remote.RemoteWebDriver.execute(RemoteWebDriver.java:576)
	at org.openqa.selenium.remote.RemoteWebDriver.findElement(RemoteWebDriver.java:327)
	at org.openqa.selenium.remote.RemoteWebDriver.findElementByXPath(RemoteWebDriver.java:445)
	at org.openqa.selenium.By$ByXPath.findElement(By.java:353)
	at org.openqa.selenium.remote.RemoteWebDriver.findElement(RemoteWebDriver.java:319)
	at com.atmecs.phptravelsautomation.helpers.CommonUtility$3.apply(CommonUtility.java:83)
	at com.atmecs.phptravelsautomation.helpers.CommonUtility$3.apply(CommonUtility.java:81)
	at org.openqa.selenium.support.ui.FluentWait.until(FluentWait.java:249)
	at com.atmecs.phptravelsautomation.helpers.CommonUtility.clickAndSendText(CommonUtility.java:81)
	at com.atmecs.phptravelsautomation.pages.BookingSummaryPage.guestInfo(BookingSummaryPage.java:70)
	at com.atmecs.phptravels.testscripts.BookingSummaryPageTest.guestInfoInput(BookingSummaryPageTest.java:27)
... Removed 34 stack frames
</div> <!-- stack-trace -->
                </div> <!-- method-content -->
              </div> <!-- method -->
              <div class="method">
                <div class="method-content">
                  <a name="personalDetailsInput([Arjun, Santra, arjun.santra@atmecs.com, 9804101059, manikonda, india])">
                  </a> <!-- personalDetailsInput([Arjun, Santra, arjun.santra@atmecs.com, 9804101059, manikonda, india]) -->
                  <span class="method-name">personalDetailsInput</span>
                  <span class="parameters">([Arjun, Santra, arjun.santra@atmecs.com, 9804101059, manikonda, india])</span>
                  <div class="stack-trace">org.openqa.selenium.NoSuchElementException: Unable to locate element: //input[@placeholder=&apos;First Name&apos;]
For documentation on this error, please visit: https://www.seleniumhq.org/exceptions/no_such_element.html
Build info: version: &apos;4.0.0-alpha-2&apos;, revision: &apos;f148142cf8&apos;, time: &apos;2019-07-01T20:55:26&apos;
System info: host: &apos;ATMECSINLT-087&apos;, ip: &apos;55.55.52.236&apos;, os.name: &apos;Windows 10&apos;, os.arch: &apos;amd64&apos;, os.version: &apos;10.0&apos;, java.version: &apos;1.8.0_221&apos;
Driver info: org.openqa.selenium.firefox.FirefoxDriver
Capabilities {acceptInsecureCerts: true, browserName: firefox, browserVersion: 68.0.2, javascriptEnabled: true, moz:accessibilityChecks: false, moz:buildID: 20190813150448, moz:geckodriverVersion: 0.24.0, moz:headless: false, moz:processID: 24612, moz:profile: C:\Users\ARJUN.SANTRA\AppDa..., moz:shutdownTimeout: 60000, moz:useNonSpecCompliantPointerOrigin: false, moz:webdriverClick: true, pageLoadStrategy: normal, platform: WINDOWS, platformName: WINDOWS, platformVersion: 10.0, rotatable: false, setWindowRect: true, strictFileInteractability: false, timeouts: {implicit: 0, pageLoad: 300000, script: 30000}, unhandledPromptBehavior: dismiss and notify}
Session ID: ac9be3c3-55b6-40fa-88ab-73fe159857cc
*** Element info: {Using=xpath, value=//input[@placeholder=&apos;First Name&apos;]}
	at org.openqa.selenium.remote.codec.w3c.W3CHttpResponseCodec.createException(W3CHttpResponseCodec.java:191)
	at org.openqa.selenium.remote.codec.w3c.W3CHttpResponseCodec.decode(W3CHttpResponseCodec.java:125)
	at org.openqa.selenium.remote.codec.w3c.W3CHttpResponseCodec.decode(W3CHttpResponseCodec.java:52)
	at org.openqa.selenium.remote.HttpCommandExecutor.execute(HttpCommandExecutor.java:161)
	at org.openqa.selenium.remote.service.DriverCommandExecutor.execute(DriverCommandExecutor.java:83)
	at org.openqa.selenium.remote.RemoteWebDriver.execute(RemoteWebDriver.java:576)
	at org.openqa.selenium.remote.RemoteWebDriver.findElement(RemoteWebDriver.java:327)
	at org.openqa.selenium.remote.RemoteWebDriver.findElementByXPath(RemoteWebDriver.java:445)
	at org.openqa.selenium.By$ByXPath.findElement(By.java:353)
	at org.openqa.selenium.remote.RemoteWebDriver.findElement(RemoteWebDriver.java:319)
	at com.atmecs.phptravelsautomation.helpers.CommonUtility$3.apply(CommonUtility.java:83)
	at com.atmecs.phptravelsautomation.helpers.CommonUtility$3.apply(CommonUtility.java:81)
	at org.openqa.selenium.support.ui.FluentWait.until(FluentWait.java:249)
	at com.atmecs.phptravelsautomation.helpers.CommonUtility.clickAndSendText(CommonUtility.java:81)
	at com.atmecs.phptravelsautomation.pages.BookingSummaryPage.personalDetails(BookingSummaryPage.java:44)
	at com.atmecs.phptravels.testscripts.BookingSummaryPageTest.personalDetailsInput(BookingSummaryPageTest.java:20)
... Removed 34 stack frames
</div> <!-- stack-trace -->
                </div> <!-- method-content -->
              </div> <!-- method -->
              <div class="method">
                <div class="method-content">
                  <a name="tourNameValidate">
                  </a> <!-- tourNameValidate -->
                  <span class="method-name">tourNameValidate</span>
                  <div class="stack-trace">org.openqa.selenium.NoSuchElementException: Unable to locate element: (//label[@class=&apos;switch-light switch-ios&apos;])[1]
For documentation on this error, please visit: https://www.seleniumhq.org/exceptions/no_such_element.html
Build info: version: &apos;4.0.0-alpha-2&apos;, revision: &apos;f148142cf8&apos;, time: &apos;2019-07-01T20:55:26&apos;
System info: host: &apos;ATMECSINLT-087&apos;, ip: &apos;55.55.52.236&apos;, os.name: &apos;Windows 10&apos;, os.arch: &apos;amd64&apos;, os.version: &apos;10.0&apos;, java.version: &apos;1.8.0_221&apos;
Driver info: org.openqa.selenium.firefox.FirefoxDriver
Capabilities {acceptInsecureCerts: true, browserName: firefox, browserVersion: 68.0.2, javascriptEnabled: true, moz:accessibilityChecks: false, moz:buildID: 20190813150448, moz:geckodriverVersion: 0.24.0, moz:headless: false, moz:processID: 24612, moz:profile: C:\Users\ARJUN.SANTRA\AppDa..., moz:shutdownTimeout: 60000, moz:useNonSpecCompliantPointerOrigin: false, moz:webdriverClick: true, pageLoadStrategy: normal, platform: WINDOWS, platformName: WINDOWS, platformVersion: 10.0, rotatable: false, setWindowRect: true, strictFileInteractability: false, timeouts: {implicit: 0, pageLoad: 300000, script: 30000}, unhandledPromptBehavior: dismiss and notify}
Session ID: ac9be3c3-55b6-40fa-88ab-73fe159857cc
*** Element info: {Using=xpath, value=(//label[@class=&apos;switch-light switch-ios&apos;])[1]}
	at org.openqa.selenium.remote.codec.w3c.W3CHttpResponseCodec.createException(W3CHttpResponseCodec.java:191)
	at org.openqa.selenium.remote.codec.w3c.W3CHttpResponseCodec.decode(W3CHttpResponseCodec.java:125)
	at org.openqa.selenium.remote.codec.w3c.W3CHttpResponseCodec.decode(W3CHttpResponseCodec.java:52)
	at org.openqa.selenium.remote.HttpCommandExecutor.execute(HttpCommandExecutor.java:161)
	at org.openqa.selenium.remote.service.DriverCommandExecutor.execute(DriverCommandExecutor.java:83)
	at org.openqa.selenium.remote.RemoteWebDriver.execute(RemoteWebDriver.java:576)
	at org.openqa.selenium.remote.RemoteWebDriver.findElement(RemoteWebDriver.java:327)
	at org.openqa.selenium.remote.RemoteWebDriver.findElementByXPath(RemoteWebDriver.java:445)
	at org.openqa.selenium.By$ByXPath.findElement(By.java:353)
	at org.openqa.selenium.remote.RemoteWebDriver.findElement(RemoteWebDriver.java:319)
	at com.atmecs.phptravelsautomation.helpers.CommonUtility$1.apply(CommonUtility.java:36)
	at com.atmecs.phptravelsautomation.helpers.CommonUtility$1.apply(CommonUtility.java:34)
	at org.openqa.selenium.support.ui.FluentWait.until(FluentWait.java:249)
	at com.atmecs.phptravelsautomation.helpers.CommonUtility.clickElement(CommonUtility.java:34)
	at com.atmecs.phptravelsautomation.pages.BookingSummaryPage.extraCheckBoxes(BookingSummaryPage.java:26)
	at com.atmecs.phptravelsautomation.pages.BookingSummaryPage.bookingSummaryTourNameValidate(BookingSummaryPage.java:115)
	at com.atmecs.phptravels.testscripts.BookingSummaryPageTest.tourNameValidate(BookingSummaryPageTest.java:38)
... Removed 34 stack frames
</div> <!-- stack-trace -->
                </div> <!-- method-content -->
              </div> <!-- method -->
            </div> <!-- main-panel-content rounded-window-bottom -->
          </div> <!-- suite-Suite_(0)-class-failed -->
          <div class="suite-Suite_(0)-class-failed">
            <div class="main-panel-header rounded-window-top">
              <img src="failed.png"/>
              <span class="class-name">com.atmecs.phptravels.testscripts.InvoicePageTest</span>
            </div> <!-- main-panel-header rounded-window-top -->
            <div class="main-panel-content rounded-window-bottom">
              <div class="method">
                <div class="method-content">
                  <a name="invoicePageValidate">
                  </a> <!-- invoicePageValidate -->
                  <span class="method-name">invoicePageValidate</span>
                  <div class="stack-trace">org.openqa.selenium.NoSuchElementException: Unable to locate element: //button[text()=&apos;Pay on Arrival&apos;]
For documentation on this error, please visit: https://www.seleniumhq.org/exceptions/no_such_element.html
Build info: version: &apos;4.0.0-alpha-2&apos;, revision: &apos;f148142cf8&apos;, time: &apos;2019-07-01T20:55:26&apos;
System info: host: &apos;ATMECSINLT-087&apos;, ip: &apos;55.55.52.236&apos;, os.name: &apos;Windows 10&apos;, os.arch: &apos;amd64&apos;, os.version: &apos;10.0&apos;, java.version: &apos;1.8.0_221&apos;
Driver info: org.openqa.selenium.firefox.FirefoxDriver
Capabilities {acceptInsecureCerts: true, browserName: firefox, browserVersion: 68.0.2, javascriptEnabled: true, moz:accessibilityChecks: false, moz:buildID: 20190813150448, moz:geckodriverVersion: 0.24.0, moz:headless: false, moz:processID: 24612, moz:profile: C:\Users\ARJUN.SANTRA\AppDa..., moz:shutdownTimeout: 60000, moz:useNonSpecCompliantPointerOrigin: false, moz:webdriverClick: true, pageLoadStrategy: normal, platform: WINDOWS, platformName: WINDOWS, platformVersion: 10.0, rotatable: false, setWindowRect: true, strictFileInteractability: false, timeouts: {implicit: 0, pageLoad: 300000, script: 30000}, unhandledPromptBehavior: dismiss and notify}
Session ID: ac9be3c3-55b6-40fa-88ab-73fe159857cc
*** Element info: {Using=xpath, value=//button[text()=&apos;Pay on Arrival&apos;]}
	at org.openqa.selenium.remote.codec.w3c.W3CHttpResponseCodec.createException(W3CHttpResponseCodec.java:191)
	at org.openqa.selenium.remote.codec.w3c.W3CHttpResponseCodec.decode(W3CHttpResponseCodec.java:125)
	at org.openqa.selenium.remote.codec.w3c.W3CHttpResponseCodec.decode(W3CHttpResponseCodec.java:52)
	at org.openqa.selenium.remote.HttpCommandExecutor.execute(HttpCommandExecutor.java:161)
	at org.openqa.selenium.remote.service.DriverCommandExecutor.execute(DriverCommandExecutor.java:83)
	at org.openqa.selenium.remote.RemoteWebDriver.execute(RemoteWebDriver.java:576)
	at org.openqa.selenium.remote.RemoteWebDriver.findElement(RemoteWebDriver.java:327)
	at org.openqa.selenium.remote.RemoteWebDriver.findElementByXPath(RemoteWebDriver.java:445)
	at org.openqa.selenium.By$ByXPath.findElement(By.java:353)
	at org.openqa.selenium.remote.RemoteWebDriver.findElement(RemoteWebDriver.java:319)
	at com.atmecs.phptravelsautomation.helpers.CommonUtility$1.apply(CommonUtility.java:36)
	at com.atmecs.phptravelsautomation.helpers.CommonUtility$1.apply(CommonUtility.java:34)
	at org.openqa.selenium.support.ui.FluentWait.until(FluentWait.java:249)
	at com.atmecs.phptravelsautomation.helpers.CommonUtility.clickElement(CommonUtility.java:34)
	at com.atmecs.phptravels.testscripts.InvoicePageTest.invoicePageValidate(InvoicePageTest.java:22)
... Removed 34 stack frames
</div> <!-- stack-trace -->
                </div> <!-- method-content -->
              </div> <!-- method -->
            </div> <!-- main-panel-content rounded-window-bottom -->
          </div> <!-- suite-Suite_(0)-class-failed -->
          <div class="suite-Suite_(0)-class-failed">
            <div class="main-panel-header rounded-window-top">
              <img src="failed.png"/>
              <span class="class-name">com.atmecs.phptravels.testscripts.BookingOptionTestScript</span>
            </div> <!-- main-panel-header rounded-window-top -->
            <div class="main-panel-content rounded-window-bottom">
              <div class="method">
                <div class="method-content">
                  <a name="BookingOption">
                  </a> <!-- BookingOption -->
                  <span class="method-name">BookingOption</span>
                  <div class="stack-trace">java.lang.AssertionError: Failed expected [USD $300] but found [INR 20,073]
	at com.atmecs.phptravelsautomation.pages.BookingOptionPage.bookingPageValidate(BookingOptionPage.java:44)
	at com.atmecs.phptravels.testscripts.BookingOptionTestScript.BookingOption(BookingOptionTestScript.java:17)
... Removed 35 stack frames
</div> <!-- stack-trace -->
                </div> <!-- method-content -->
              </div> <!-- method -->
            </div> <!-- main-panel-content rounded-window-bottom -->
          </div> <!-- suite-Suite_(0)-class-failed -->
          <div class="suite-Suite_(0)-class-failed">
            <div class="main-panel-header rounded-window-top">
              <img src="failed.png"/>
              <span class="class-name">com.atmecs.phptravels.testscripts.HomePageTestScript</span>
            </div> <!-- main-panel-header rounded-window-top -->
            <div class="main-panel-content rounded-window-bottom">
              <div class="method">
                <div class="method-content">
                  <a name="invalidCheckinDate">
                  </a> <!-- invalidCheckinDate -->
                  <span class="method-name">invalidCheckinDate</span>
                  <div class="stack-trace">org.openqa.selenium.ElementNotInteractableException: Element &lt;a class=&quot;go-text-right&quot; href=&quot;#&quot;&gt; could not be scrolled into view
Build info: version: &apos;4.0.0-alpha-2&apos;, revision: &apos;f148142cf8&apos;, time: &apos;2019-07-01T20:55:26&apos;
System info: host: &apos;ATMECSINLT-087&apos;, ip: &apos;55.55.52.236&apos;, os.name: &apos;Windows 10&apos;, os.arch: &apos;amd64&apos;, os.version: &apos;10.0&apos;, java.version: &apos;1.8.0_221&apos;
Driver info: org.openqa.selenium.firefox.FirefoxDriver
Capabilities {acceptInsecureCerts: true, browserName: firefox, browserVersion: 68.0.2, javascriptEnabled: true, moz:accessibilityChecks: false, moz:buildID: 20190813150448, moz:geckodriverVersion: 0.24.0, moz:headless: false, moz:processID: 24612, moz:profile: C:\Users\ARJUN.SANTRA\AppDa..., moz:shutdownTimeout: 60000, moz:useNonSpecCompliantPointerOrigin: false, moz:webdriverClick: true, pageLoadStrategy: normal, platform: WINDOWS, platformName: WINDOWS, platformVersion: 10.0, rotatable: false, setWindowRect: true, strictFileInteractability: false, timeouts: {implicit: 0, pageLoad: 300000, script: 30000}, unhandledPromptBehavior: dismiss and notify}
Session ID: ac9be3c3-55b6-40fa-88ab-73fe159857cc
	at org.openqa.selenium.remote.codec.w3c.W3CHttpResponseCodec.createException(W3CHttpResponseCodec.java:191)
	at org.openqa.selenium.remote.codec.w3c.W3CHttpResponseCodec.decode(W3CHttpResponseCodec.java:125)
	at org.openqa.selenium.remote.codec.w3c.W3CHttpResponseCodec.decode(W3CHttpResponseCodec.java:52)
	at org.openqa.selenium.remote.HttpCommandExecutor.execute(HttpCommandExecutor.java:161)
	at org.openqa.selenium.remote.service.DriverCommandExecutor.execute(DriverCommandExecutor.java:83)
	at org.openqa.selenium.remote.RemoteWebDriver.execute(RemoteWebDriver.java:576)
	at org.openqa.selenium.remote.RemoteWebElement.execute(RemoteWebElement.java:308)
	at org.openqa.selenium.remote.RemoteWebElement.click(RemoteWebElement.java:83)
	at com.atmecs.phptravelsautomation.helpers.CommonUtility$1.apply(CommonUtility.java:37)
	at com.atmecs.phptravelsautomation.helpers.CommonUtility$1.apply(CommonUtility.java:34)
	at org.openqa.selenium.support.ui.FluentWait.until(FluentWait.java:249)
	at com.atmecs.phptravelsautomation.helpers.CommonUtility.clickElement(CommonUtility.java:34)
	at com.atmecs.phptravelsautomation.pages.HomePage.changeCurrency(HomePage.java:29)
	at com.atmecs.phptravels.testscripts.HomePageTestScript.invalidCheckinDate(HomePageTestScript.java:24)
... Removed 34 stack frames
</div> <!-- stack-trace -->
                </div> <!-- method-content -->
              </div> <!-- method -->
            </div> <!-- main-panel-content rounded-window-bottom -->
          </div> <!-- suite-Suite_(0)-class-failed -->
          <div class="suite-Suite_(0)-class-passed">
            <div class="main-panel-header rounded-window-top">
              <img src="passed.png"/>
              <span class="class-name">com.atmecs.phptravels.testscripts.HomePageTestScript</span>
            </div> <!-- main-panel-header rounded-window-top -->
            <div class="main-panel-content rounded-window-bottom">
              <div class="method">
                <div class="method-content">
                  <a name="cityInputValidation">
                  </a> <!-- cityInputValidation -->
                  <span class="method-name">cityInputValidation</span>
                </div> <!-- method-content -->
              </div> <!-- method -->
              <div class="method">
                <div class="method-content">
                  <a name="landingPageValidation">
                  </a> <!-- landingPageValidation -->
                  <span class="method-name">landingPageValidation</span>
                </div> <!-- method-content -->
              </div> <!-- method -->
              <div class="method">
                <div class="method-content">
                  <a name="tourSearch(india, 27/09/2019)">
                  </a> <!-- tourSearch(india, 27/09/2019) -->
                  <span class="method-name">tourSearch</span>
                  <span class="parameters">(india, 27/09/2019)</span>
                </div> <!-- method-content -->
              </div> <!-- method -->
            </div> <!-- main-panel-content rounded-window-bottom -->
          </div> <!-- suite-Suite_(0)-class-passed -->
        </div> <!-- panel Suite_(0) -->
        <div panel-name="test-xml-Suite" class="panel">
          <div class="main-panel-header rounded-window-top">
            <span class="header-content">C:\Users\ARJUN.SANTRA\eclipse-workspace\PhpTravelsAutomation\testng.xml</span>
          </div> <!-- main-panel-header rounded-window-top -->
          <div class="main-panel-content rounded-window-bottom">
            <pre>
&lt;?xml version=&quot;1.0&quot; encoding=&quot;UTF-8&quot;?&gt;
&lt;!DOCTYPE suite SYSTEM &quot;http://testng.org/testng-1.0.dtd&quot;&gt;
&lt;suite guice-stage=&quot;DEVELOPMENT&quot; verbose=&quot;0&quot; name=&quot;Suite&quot;&gt;
  &lt;listeners&gt;
    &lt;listener class-name=&quot;com.atmecs.phptravelsautomation.extentreports.ExtentReporter&quot;/&gt;
  &lt;/listeners&gt;
  &lt;suite-files&gt;
    &lt;suite-file path=&quot;./src/test/resources/suitefiles/suitefile1.xml&quot;/&gt;
  &lt;/suite-files&gt;
&lt;/suite&gt; &lt;!-- Suite --&gt;
            </pre>
          </div> <!-- main-panel-content rounded-window-bottom -->
        </div> <!-- panel -->
        <div panel-name="test-xml-Suite_(0)" class="panel">
          <div class="main-panel-header rounded-window-top">
            <span class="header-content">C:\Users\ARJUN.SANTRA\eclipse-workspace\PhpTravelsAutomation\src\test\resources\suitefiles\suitefile1.xml</span>
          </div> <!-- main-panel-header rounded-window-top -->
          <div class="main-panel-content rounded-window-bottom">
            <pre>
&lt;?xml version=&quot;1.0&quot; encoding=&quot;UTF-8&quot;?&gt;
&lt;!DOCTYPE suite SYSTEM &quot;http://testng.org/testng-1.0.dtd&quot;&gt;
&lt;suite guice-stage=&quot;DEVELOPMENT&quot; verbose=&quot;0&quot; name=&quot;Suite (0)&quot;&gt;
  &lt;listeners&gt;
    &lt;listener class-name=&quot;com.atmecs.phptravelsautomation.extentreports.ExtentReporter&quot;/&gt;
  &lt;/listeners&gt;
  &lt;test thread-count=&quot;5&quot; verbose=&quot;0&quot; name=&quot;Test1&quot;&gt;
    &lt;classes&gt;
      &lt;class name=&quot;com.atmecs.phptravels.testscripts.HomePageTestScript&quot;/&gt;
    &lt;/classes&gt;
  &lt;/test&gt; &lt;!-- Test1 --&gt;
  &lt;test thread-count=&quot;5&quot; verbose=&quot;0&quot; name=&quot;Test2&quot;&gt;
    &lt;classes&gt;
      &lt;class name=&quot;com.atmecs.phptravels.testscripts.BookingOptionTestScript&quot;/&gt;
    &lt;/classes&gt;
  &lt;/test&gt; &lt;!-- Test2 --&gt;
  &lt;test thread-count=&quot;5&quot; verbose=&quot;0&quot; name=&quot;Test3&quot;&gt;
    &lt;classes&gt;
      &lt;class name=&quot;com.atmecs.phptravels.testscripts.BookingSummaryPageTest&quot;/&gt;
    &lt;/classes&gt;
  &lt;/test&gt; &lt;!-- Test3 --&gt;
  &lt;test thread-count=&quot;5&quot; verbose=&quot;0&quot; name=&quot;Test4&quot;&gt;
    &lt;classes&gt;
      &lt;class name=&quot;com.atmecs.phptravels.testscripts.InvoicePageTest&quot;/&gt;
    &lt;/classes&gt;
  &lt;/test&gt; &lt;!-- Test4 --&gt;
&lt;/suite&gt; &lt;!-- Suite (0) --&gt;
            </pre>
          </div> <!-- main-panel-content rounded-window-bottom -->
        </div> <!-- panel -->
        <div panel-name="testlist-Suite" class="panel">
          <div class="main-panel-header rounded-window-top">
            <span class="header-content">Tests for Suite</span>
          </div> <!-- main-panel-header rounded-window-top -->
          <div class="main-panel-content rounded-window-bottom">
            <ul>
            </ul>
          </div> <!-- main-panel-content rounded-window-bottom -->
        </div> <!-- panel -->
        <div panel-name="testlist-Suite_(0)" class="panel">
          <div class="main-panel-header rounded-window-top">
            <span class="header-content">Tests for Suite (0)</span>
          </div> <!-- main-panel-header rounded-window-top -->
          <div class="main-panel-content rounded-window-bottom">
            <ul>
              <li>
                <span class="test-name">Test1 (1 class)</span>
              </li>
              <li>
                <span class="test-name">Test2 (1 class)</span>
              </li>
              <li>
                <span class="test-name">Test3 (1 class)</span>
              </li>
              <li>
                <span class="test-name">Test4 (1 class)</span>
              </li>
            </ul>
          </div> <!-- main-panel-content rounded-window-bottom -->
        </div> <!-- panel -->
        <div panel-name="group-Suite" class="panel">
          <div class="main-panel-header rounded-window-top">
            <span class="header-content">Groups for Suite</span>
          </div> <!-- main-panel-header rounded-window-top -->
          <div class="main-panel-content rounded-window-bottom">
          </div> <!-- main-panel-content rounded-window-bottom -->
        </div> <!-- panel -->
        <div panel-name="group-Suite_(0)" class="panel">
          <div class="main-panel-header rounded-window-top">
            <span class="header-content">Groups for Suite (0)</span>
          </div> <!-- main-panel-header rounded-window-top -->
          <div class="main-panel-content rounded-window-bottom">
          </div> <!-- main-panel-content rounded-window-bottom -->
        </div> <!-- panel -->
        <div panel-name="times-Suite" class="panel">
          <div class="main-panel-header rounded-window-top">
            <span class="header-content">Times for Suite</span>
          </div> <!-- main-panel-header rounded-window-top -->
          <div class="main-panel-content rounded-window-bottom">
            <div class="times-div">
              <script type="text/javascript">
suiteTableInitFunctions.push('tableData_Suite');
function tableData_Suite() {
var data = new google.visualization.DataTable();
data.addColumn('number', 'Number');
data.addColumn('string', 'Method');
data.addColumn('string', 'Class');
data.addColumn('number', 'Time (ms)');
data.addRows(0);
window.suiteTableData['Suite']= { tableData: data, tableDiv: 'times-div-Suite'}
return data;
}
              </script>
              <div id="times-div-Suite">
              </div> <!-- times-div-Suite -->
            </div> <!-- times-div -->
          </div> <!-- main-panel-content rounded-window-bottom -->
        </div> <!-- panel -->
        <div panel-name="times-Suite_(0)" class="panel">
          <div class="main-panel-header rounded-window-top">
            <span class="header-content">Times for Suite (0)</span>
          </div> <!-- main-panel-header rounded-window-top -->
          <div class="main-panel-content rounded-window-bottom">
            <div class="times-div">
              <script type="text/javascript">
suiteTableInitFunctions.push('tableData_Suite_(0)');
function tableData_Suite_(0)() {
var data = new google.visualization.DataTable();
data.addColumn('number', 'Number');
data.addColumn('string', 'Method');
data.addColumn('string', 'Class');
data.addColumn('number', 'Time (ms)');
data.addRows(14);
data.setCell(0, 0, 0)
data.setCell(0, 1, 'BookingOption')
data.setCell(0, 2, 'com.atmecs.phptravels.testscripts.BookingOptionTestScript')
data.setCell(0, 3, 10488);
data.setCell(1, 0, 1)
data.setCell(1, 1, 'amountValidateBeforeAddingExtra')
data.setCell(1, 2, 'com.atmecs.phptravels.testscripts.BookingSummaryPageTest')
data.setCell(1, 3, 8069);
data.setCell(2, 0, 2)
data.setCell(2, 1, 'invoicePageValidate')
data.setCell(2, 2, 'com.atmecs.phptravels.testscripts.InvoicePageTest')
data.setCell(2, 3, 5076);
data.setCell(3, 0, 3)
data.setCell(3, 1, 'personalDetailsInput')
data.setCell(3, 2, 'com.atmecs.phptravels.testscripts.BookingSummaryPageTest')
data.setCell(3, 3, 5070);
data.setCell(4, 0, 4)
data.setCell(4, 1, 'tourNameValidate')
data.setCell(4, 2, 'com.atmecs.phptravels.testscripts.BookingSummaryPageTest')
data.setCell(4, 3, 5069);
data.setCell(5, 0, 5)
data.setCell(5, 1, 'amountValidateAfterAddingExtra')
data.setCell(5, 2, 'com.atmecs.phptravels.testscripts.BookingSummaryPageTest')
data.setCell(5, 3, 5067);
data.setCell(6, 0, 6)
data.setCell(6, 1, 'guestInfoInput')
data.setCell(6, 2, 'com.atmecs.phptravels.testscripts.BookingSummaryPageTest')
data.setCell(6, 3, 5052);
data.setCell(7, 0, 7)
data.setCell(7, 1, 'guestInfoInput')
data.setCell(7, 2, 'com.atmecs.phptravels.testscripts.BookingSummaryPageTest')
data.setCell(7, 3, 5038);
data.setCell(8, 0, 8)
data.setCell(8, 1, 'guestInfoInput')
data.setCell(8, 2, 'com.atmecs.phptravels.testscripts.BookingSummaryPageTest')
data.setCell(8, 3, 5037);
data.setCell(9, 0, 9)
data.setCell(9, 1, 'guestInfoInput')
data.setCell(9, 2, 'com.atmecs.phptravels.testscripts.BookingSummaryPageTest')
data.setCell(9, 3, 5037);
data.setCell(10, 0, 10)
data.setCell(10, 1, 'tourSearch')
data.setCell(10, 2, 'com.atmecs.phptravels.testscripts.HomePageTestScript')
data.setCell(10, 3, 4006);
data.setCell(11, 0, 11)
data.setCell(11, 1, 'cityInputValidation')
data.setCell(11, 2, 'com.atmecs.phptravels.testscripts.HomePageTestScript')
data.setCell(11, 3, 3446);
data.setCell(12, 0, 12)
data.setCell(12, 1, 'landingPageValidation')
data.setCell(12, 2, 'com.atmecs.phptravels.testscripts.HomePageTestScript')
data.setCell(12, 3, 708);
data.setCell(13, 0, 13)
data.setCell(13, 1, 'invalidCheckinDate')
data.setCell(13, 2, 'com.atmecs.phptravels.testscripts.HomePageTestScript')
data.setCell(13, 3, 555);
window.suiteTableData['Suite_(0)']= { tableData: data, tableDiv: 'times-div-Suite_(0)'}
return data;
}
              </script>
              <span class="suite-total-time">Total running time: 1 minutes</span>
              <div id="times-div-Suite_(0)">
              </div> <!-- times-div-Suite_(0) -->
            </div> <!-- times-div -->
          </div> <!-- main-panel-content rounded-window-bottom -->
        </div> <!-- panel -->
        <div panel-name="reporter-Suite" class="panel">
          <div class="main-panel-header rounded-window-top">
            <span class="header-content">Reporter output for Suite</span>
          </div> <!-- main-panel-header rounded-window-top -->
          <div class="main-panel-content rounded-window-bottom">
          </div> <!-- main-panel-content rounded-window-bottom -->
        </div> <!-- panel -->
        <div panel-name="reporter-Suite_(0)" class="panel">
          <div class="main-panel-header rounded-window-top">
            <span class="header-content">Reporter output for Suite (0)</span>
          </div> <!-- main-panel-header rounded-window-top -->
          <div class="main-panel-content rounded-window-bottom">
          </div> <!-- main-panel-content rounded-window-bottom -->
        </div> <!-- panel -->
        <div panel-name="ignored-methods-Suite" class="panel">
          <div class="main-panel-header rounded-window-top">
            <span class="header-content">0 ignored methods</span>
          </div> <!-- main-panel-header rounded-window-top -->
          <div class="main-panel-content rounded-window-bottom">
          </div> <!-- main-panel-content rounded-window-bottom -->
        </div> <!-- panel -->
        <div panel-name="ignored-methods-Suite_(0)" class="panel">
          <div class="main-panel-header rounded-window-top">
            <span class="header-content">0 ignored methods</span>
          </div> <!-- main-panel-header rounded-window-top -->
          <div class="main-panel-content rounded-window-bottom">
          </div> <!-- main-panel-content rounded-window-bottom -->
        </div> <!-- panel -->
        <div panel-name="chronological-Suite" class="panel">
          <div class="main-panel-header rounded-window-top">
            <span class="header-content">Methods in chronological order</span>
          </div> <!-- main-panel-header rounded-window-top -->
          <div class="main-panel-content rounded-window-bottom">
          </div> <!-- main-panel-content rounded-window-bottom -->
        </div> <!-- panel -->
        <div panel-name="chronological-Suite_(0)" class="panel">
          <div class="main-panel-header rounded-window-top">
            <span class="header-content">Methods in chronological order</span>
          </div> <!-- main-panel-header rounded-window-top -->
          <div class="main-panel-content rounded-window-bottom">
            <div class="chronological-class">
              <div class="chronological-class-name">com.atmecs.phptravels.testscripts.InvoicePageTest</div> <!-- chronological-class-name -->
              <div class="configuration-suite before">
                <span class="method-name">intitailizeBrowser</span>
                <span class="method-start">0 ms</span>
              </div> <!-- configuration-suite before -->
            </div> <!-- chronological-class -->
            <div class="chronological-class">
              <div class="chronological-class-name">com.atmecs.phptravels.testscripts.HomePageTestScript</div> <!-- chronological-class-name -->
              <div class="test-method">
                <span class="method-name">landingPageValidation</span>
                <span class="method-start">11977 ms</span>
              </div> <!-- test-method -->
              <div class="test-method">
                <img src="failed.png">
                </img>
                <span class="method-name">invalidCheckinDate</span>
                <span class="method-start">12701 ms</span>
              </div> <!-- test-method -->
              <div class="test-method">
                <span class="method-name">cityInputValidation</span>
                <span class="method-start">13271 ms</span>
              </div> <!-- test-method -->
              <div class="test-method">
                <span class="method-name">tourSearch(india, 27/09/2019)</span>
                <span class="method-start">17981 ms</span>
              </div> <!-- test-method -->
            </div> <!-- chronological-class -->
            <div class="chronological-class">
              <div class="chronological-class-name">com.atmecs.phptravels.testscripts.BookingOptionTestScript</div> <!-- chronological-class-name -->
              <div class="test-method">
                <img src="failed.png">
                </img>
                <span class="method-name">BookingOption</span>
                <span class="method-start">22034 ms</span>
              </div> <!-- test-method -->
            </div> <!-- chronological-class -->
            <div class="chronological-class">
              <div class="chronological-class-name">com.atmecs.phptravels.testscripts.BookingSummaryPageTest</div> <!-- chronological-class-name -->
              <div class="test-method">
                <img src="failed.png">
                </img>
                <span class="method-name">personalDetailsInput([Arjun, Santra, arjun.santra@atmecs.com, 9804101059, manikonda, india])</span>
                <span class="method-start">32693 ms</span>
              </div> <!-- test-method -->
              <div class="test-method">
                <img src="failed.png">
                </img>
                <span class="method-name">guestInfoInput([Arjun, AR123IND, 26])</span>
                <span class="method-start">37839 ms</span>
              </div> <!-- test-method -->
              <div class="test-method">
                <img src="failed.png">
                </img>
                <span class="method-name">guestInfoInput([sourav, SO124IND, 24])</span>
                <span class="method-start">42877 ms</span>
              </div> <!-- test-method -->
              <div class="test-method">
                <img src="failed.png">
                </img>
                <span class="method-name">guestInfoInput([rishav, RI125IND, 23])</span>
                <span class="method-start">47914 ms</span>
              </div> <!-- test-method -->
              <div class="test-method">
                <img src="failed.png">
                </img>
                <span class="method-name">guestInfoInput([ajit, AJ126IND, 22])</span>
                <span class="method-start">52966 ms</span>
              </div> <!-- test-method -->
              <div class="test-method">
                <img src="failed.png">
                </img>
                <span class="method-name">amountValidateAfterAddingExtra</span>
                <span class="method-start">58003 ms</span>
              </div> <!-- test-method -->
              <div class="test-method">
                <img src="failed.png">
                </img>
                <span class="method-name">tourNameValidate</span>
                <span class="method-start">63086 ms</span>
              </div> <!-- test-method -->
              <div class="test-method">
                <img src="failed.png">
                </img>
                <span class="method-name">amountValidateBeforeAddingExtra</span>
                <span class="method-start">68155 ms</span>
              </div> <!-- test-method -->
            </div> <!-- chronological-class -->
            <div class="chronological-class">
              <div class="chronological-class-name">com.atmecs.phptravels.testscripts.InvoicePageTest</div> <!-- chronological-class-name -->
              <div class="test-method">
                <img src="failed.png">
                </img>
                <span class="method-name">invoicePageValidate</span>
                <span class="method-start">76365 ms</span>
              </div> <!-- test-method -->
          </div> <!-- main-panel-content rounded-window-bottom -->
        </div> <!-- panel -->
      </div> <!-- main-panel-root -->
    </div> <!-- wrapper -->
  </body>
</html>
