<?xml version="1.0" encoding="UTF-8"?>
<!-- Generated by org.testng.reporters.JUnitXMLReporter -->
<testsuite hostname="ATMECSINLT-087" ignored="0" name="Test2" tests="1" failures="1" timestamp="13 Sep 2019 14:16:49 GMT" time="10.488" errors="0">
  <testcase name="BookingOption" time="10.488" classname="com.atmecs.phptravels.testscripts.BookingOptionTestScript">
    <failure type="java.lang.AssertionError" message="Failed expected [USD $300] but found [INR 20,073]">
      <![CDATA[java.lang.AssertionError: Failed expected [USD $300] but found [INR 20,073]
at com.atmecs.phptravelsautomation.pages.BookingOptionPage.bookingPageValidate(BookingOptionPage.java:44)
at com.atmecs.phptravels.testscripts.BookingOptionTestScript.BookingOption(BookingOptionTestScript.java:17)
... Removed 35 stack frames]]>
    </failure>
  </testcase> <!-- BookingOption -->
</testsuite> <!-- Test2 -->
